<?xml version="1.0" encoding="UTF-8"?>
<testsuite name="com.example.auctionhouse_webapplication.ReportControllerTest" tests="1" skipped="0" failures="0" errors="0" timestamp="2023-12-20T14:41:54" hostname="EM" time="0.719">
  <properties/>
  <testcase name="testShowReports()" classname="com.example.auctionhouse_webapplication.ReportControllerTest" time="0.719"/>
  <system-out><![CDATA[14:41:48.282 [Test worker] INFO org.springframework.test.context.support.AnnotationConfigContextLoaderUtils -- Could not detect default configuration classes for test class [com.example.auctionhouse_webapplication.ReportControllerTest]: ReportControllerTest does not declare any static, non-private, non-final, nested classes annotated with @Configuration.
14:41:48.487 [Test worker] INFO org.springframework.boot.test.context.SpringBootTestContextBootstrapper -- Found @SpringBootConfiguration com.example.auctionhouse_webapplication.AuctionHouseWebApplication for test class com.example.auctionhouse_webapplication.ReportControllerTest

  .   ____          _            __ _ _
 /\\ / ___'_ __ _ _(_)_ __  __ _ \ \ \ \
( ( )\___ | '_ | '_| | '_ \/ _` | \ \ \ \
 \\/  ___)| |_)| | | | | || (_| |  ) ) ) )
  '  |____| .__|_| |_|_| |_\__, | / / / /
 =========|_|==============|___/=/_/_/_/
 :: Spring Boot ::                (v3.1.1)

2023-12-20T14:41:49.192Z  INFO 13736 --- [    Test worker] c.e.a.ReportControllerTest               : Starting ReportControllerTest using Java 17.0.6 with PID 13736 (started by edyta in C:\Users\edyta\Desktop\CO3095_Project11\AuctionHouse_WebApplication)
2023-12-20T14:41:49.195Z  INFO 13736 --- [    Test worker] c.e.a.ReportControllerTest               : No active profile set, falling back to 1 default profile: "default"
2023-12-20T14:41:52.108Z  WARN 13736 --- [    Test worker] o.thymeleaf.templatemode.TemplateMode    : [THYMELEAF][Test worker] Unknown Template Mode 'HTML5'. Must be one of: 'HTML', 'XML', 'TEXT', 'JAVASCRIPT', 'CSS', 'RAW'. Using default Template Mode 'HTML'.
2023-12-20T14:41:53.727Z  WARN 13736 --- [    Test worker] .s.s.UserDetailsServiceAutoConfiguration : 

Using generated security password: 8715b816-8238-441e-8757-20a2b2c24f88

This generated password is for development use only. Your security configuration must be updated before running your application in production.

2023-12-20T14:41:54.134Z  INFO 13736 --- [    Test worker] o.s.s.web.DefaultSecurityFilterChain     : Will secure any request with [org.springframework.security.web.session.DisableEncodeUrlFilter@604f376a, org.springframework.security.web.context.request.async.WebAsyncManagerIntegrationFilter@5432dca2, org.springframework.security.web.context.SecurityContextHolderFilter@3cdfbbef, org.springframework.security.web.header.HeaderWriterFilter@3c9f4376, org.springframework.security.web.csrf.CsrfFilter@615bad16, org.springframework.security.web.authentication.logout.LogoutFilter@67dc6b48, org.springframework.security.web.authentication.UsernamePasswordAuthenticationFilter@37986daf, org.springframework.security.web.authentication.ui.DefaultLoginPageGeneratingFilter@5fc7255c, org.springframework.security.web.authentication.ui.DefaultLogoutPageGeneratingFilter@12670e55, org.springframework.security.web.authentication.www.BasicAuthenticationFilter@324e8baa, org.springframework.security.web.savedrequest.RequestCacheAwareFilter@1e606f64, org.springframework.security.web.servletapi.SecurityContextHolderAwareRequestFilter@581918f6, org.springframework.security.web.authentication.AnonymousAuthenticationFilter@43fd77d8, org.springframework.security.web.access.ExceptionTranslationFilter@349f3ff7, org.springframework.security.web.access.intercept.AuthorizationFilter@704c3bdf]
2023-12-20T14:41:54.291Z  INFO 13736 --- [    Test worker] o.s.b.t.m.w.SpringBootMockServletContext : Initializing Spring TestDispatcherServlet ''
2023-12-20T14:41:54.291Z  INFO 13736 --- [    Test worker] o.s.t.web.servlet.TestDispatcherServlet  : Initializing Servlet ''
2023-12-20T14:41:54.297Z  INFO 13736 --- [    Test worker] o.s.t.web.servlet.TestDispatcherServlet  : Completed initialization in 6 ms
2023-12-20T14:41:54.381Z  INFO 13736 --- [    Test worker] c.e.a.ReportControllerTest               : Started ReportControllerTest in 5.786 seconds (process running for 7.455)
]]></system-out>
  <system-err><![CDATA[]]></system-err>
</testsuite>
