<?xml version="1.0" encoding="UTF-8"?>
<testsuite name="com.example.lab16_ex.Task1Test" tests="2" skipped="0" failures="0" errors="0" timestamp="2022-07-11T18:16:09" hostname="LAPTOP-S6B2Q0VK" time="0.005">
  <properties/>
  <testcase name="checkProperties()" classname="com.example.lab16_ex.Task1Test" time="0.001"/>
  <testcase name="dependencies()" classname="com.example.lab16_ex.Task1Test" time="0.003"/>
  <system-out><![CDATA[]]></system-out>
  <system-err><![CDATA[]]></system-err>
</testsuite>
