<?xml version="1.0" encoding="UTF-8"?>
<testsuite name="com.example.lab16_ex.Task2Test" tests="1" skipped="0" failures="0" errors="0" timestamp="2022-07-11T18:16:09" hostname="LAPTOP-S6B2Q0VK" time="0.006">
  <properties/>
  <testcase name="classesAndFieldsCreated()" classname="com.example.lab16_ex.Task2Test" time="0.006"/>
  <system-out><![CDATA[]]></system-out>
  <system-err><![CDATA[]]></system-err>
</testsuite>
